<?xml version="1.0" encoding="UTF-8"?>
<testsuite name="edu.duke.ece651.classbuilder.ClassBuilderTest" tests="4" skipped="0" failures="0" errors="0" timestamp="2020-05-12T18:16:53" hostname="yuanrui-VirtualBox" time="0.379">
  <properties/>
  <testcase name="test_getClassNames()" classname="edu.duke.ece651.classbuilder.ClassBuilderTest" time="0.003"/>
  <testcase name="test_toJSON()" classname="edu.duke.ece651.classbuilder.ClassBuilderTest" time="0.286"/>
  <testcase name="test_getSourceCode()" classname="edu.duke.ece651.classbuilder.ClassBuilderTest" time="0.04"/>
  <testcase name="test_createAllClasses()" classname="edu.duke.ece651.classbuilder.ClassBuilderTest" time="0.038"/>
  <system-out><![CDATA[]]></system-out>
  <system-err><![CDATA[]]></system-err>
</testsuite>
