<?xml version="1.0" encoding="UTF-8"?>
<testsuite name="edu.duke.ece651.classbuilder.ObjectFieldBuilderTest" tests="1" skipped="0" failures="0" errors="0" timestamp="2020-05-12T18:16:54" hostname="yuanrui-VirtualBox" time="0.011">
  <properties/>
  <testcase name="test_getSerializationCode()" classname="edu.duke.ece651.classbuilder.ObjectFieldBuilderTest" time="0.011"/>
  <system-out><![CDATA[]]></system-out>
  <system-err><![CDATA[]]></system-err>
</testsuite>
