<?xml version="1.0" encoding="UTF-8"?>
<testsuite name="edu.duke.ece651.classbuilder.NonArrayFieldBuilderTest" tests="2" skipped="0" failures="0" errors="0" timestamp="2020-05-12T18:16:54" hostname="yuanrui-VirtualBox" time="0.032">
  <properties/>
  <testcase name="test_getFieldMethodsForObjectType()" classname="edu.duke.ece651.classbuilder.NonArrayFieldBuilderTest" time="0.026"/>
  <testcase name="test_getFildMethodsforPrimitiveType()" classname="edu.duke.ece651.classbuilder.NonArrayFieldBuilderTest" time="0.001"/>
  <system-out><![CDATA[]]></system-out>
  <system-err><![CDATA[]]></system-err>
</testsuite>
