<?xml version="1.0" encoding="UTF-8"?>
<testsuite name="edu.duke.ece651.classbuilder.ArrayFieldBuidlerTest" tests="2" skipped="0" failures="0" errors="0" timestamp="2020-05-12T18:16:54" hostname="yuanrui-VirtualBox" time="0.028">
  <properties/>
  <testcase name="test_getFieldMethodsForArrayType_1D()" classname="edu.duke.ece651.classbuilder.ArrayFieldBuidlerTest" time="0.024"/>
  <testcase name="test_getFieldMethodsForArrayType_MD()" classname="edu.duke.ece651.classbuilder.ArrayFieldBuidlerTest" time="0.003"/>
  <system-out><![CDATA[]]></system-out>
  <system-err><![CDATA[]]></system-err>
</testsuite>
