<?xml version="1.0" encoding="UTF-8"?>
<testsuite name="edu.duke.ece651.classbuilder.TestWithGivenExamples" tests="1" skipped="0" failures="0" errors="0" timestamp="2020-05-12T18:16:54" hostname="yuanrui-VirtualBox" time="0.085">
  <properties/>
  <testcase name="generateExampleJava()" classname="edu.duke.ece651.classbuilder.TestWithGivenExamples" time="0.085"/>
  <system-out><![CDATA[]]></system-out>
  <system-err><![CDATA[]]></system-err>
</testsuite>
