<?xml version="1.0" encoding="UTF-8"?>
<testsuite name="edu.duke.ece651.classbuilder.UniClassBuilderTest" tests="1" skipped="0" failures="0" errors="0" timestamp="2020-05-12T18:16:53" hostname="yuanrui-VirtualBox" time="0.102">
  <properties/>
  <testcase name="test_getUniClassNameAndFields()" classname="edu.duke.ece651.classbuilder.UniClassBuilderTest" time="0.102"/>
  <system-out><![CDATA[]]></system-out>
  <system-err><![CDATA[]]></system-err>
</testsuite>
